<?xml version="1.0" encoding="UTF-8"?>
<!-- Generated by org.testng.reporters.JUnitReportReporter -->
<testsuite hostname="DESKTOP-64MSB80" failures="0" tests="1" name="runner.TestRunner" time="5.555" errors="0" timestamp="2024-06-14T10:43:29 CDT" skipped="0">
  <testcase classname="runner.TestRunner" name="runScenario" time="5.555"/>
  <system-out/>
</testsuite> <!-- runner.TestRunner -->
