<?xml version="1.0" encoding="UTF-8"?>
<!-- Generated by org.testng.reporters.JUnitReportReporter -->
<testsuite hostname="Sagar-Komal" failures="0" tests="39" name="runner.TestRunner" time="194.940" errors="0" timestamp="2024-06-22T11:53:38 CDT" skipped="0">
  <testcase classname="runner.TestRunner" name="runScenario" time="4.544"/>
  <system-out/>
  <testcase classname="runner.TestRunner" name="runScenario" time="5.322"/>
  <system-out/>
  <testcase classname="runner.TestRunner" name="runScenario" time="4.539"/>
  <system-out/>
  <testcase classname="runner.TestRunner" name="runScenario" time="4.357"/>
  <system-out/>
  <testcase classname="runner.TestRunner" name="runScenario" time="5.055"/>
  <system-out/>
  <testcase classname="runner.TestRunner" name="runScenario" time="4.216"/>
  <system-out/>
  <testcase classname="runner.TestRunner" name="runScenario" time="4.164"/>
  <system-out/>
  <testcase classname="runner.TestRunner" name="runScenario" time="4.069"/>
  <system-out/>
  <testcase classname="runner.TestRunner" name="runScenario" time="4.878"/>
  <system-out/>
  <testcase classname="runner.TestRunner" name="runScenario" time="4.492"/>
  <system-out/>
  <testcase classname="runner.TestRunner" name="runScenario" time="4.680"/>
  <system-out/>
  <testcase classname="runner.TestRunner" name="runScenario" time="5.956"/>
  <system-out/>
  <testcase classname="runner.TestRunner" name="runScenario" time="4.305"/>
  <system-out/>
  <testcase classname="runner.TestRunner" name="runScenario" time="5.567"/>
  <system-out/>
  <testcase classname="runner.TestRunner" name="runScenario" time="3.859"/>
  <system-out/>
  <testcase classname="runner.TestRunner" name="runScenario" time="6.973"/>
  <system-out/>
  <testcase classname="runner.TestRunner" name="runScenario" time="6.077"/>
  <system-out/>
  <testcase classname="runner.TestRunner" name="runScenario" time="4.251"/>
  <system-out/>
  <testcase classname="runner.TestRunner" name="runScenario" time="4.402"/>
  <system-out/>
  <testcase classname="runner.TestRunner" name="runScenario" time="3.559"/>
  <system-out/>
  <testcase classname="runner.TestRunner" name="runScenario" time="3.770"/>
  <system-out/>
  <testcase classname="runner.TestRunner" name="runScenario" time="7.422"/>
  <system-out/>
  <testcase classname="runner.TestRunner" name="runScenario" time="7.213"/>
  <system-out/>
  <testcase classname="runner.TestRunner" name="runScenario" time="4.548"/>
  <system-out/>
  <testcase classname="runner.TestRunner" name="runScenario" time="4.041"/>
  <system-out/>
  <testcase classname="runner.TestRunner" name="runScenario" time="4.367"/>
  <system-out/>
  <testcase classname="runner.TestRunner" name="runScenario" time="11.140"/>
  <system-out/>
  <testcase classname="runner.TestRunner" name="runScenario" time="3.525"/>
  <system-out/>
  <testcase classname="runner.TestRunner" name="runScenario" time="8.357"/>
  <system-out/>
  <testcase classname="runner.TestRunner" name="runScenario" time="4.464"/>
  <system-out/>
  <testcase classname="runner.TestRunner" name="runScenario" time="5.038"/>
  <system-out/>
  <testcase classname="runner.TestRunner" name="runScenario" time="4.518"/>
  <system-out/>
  <testcase classname="runner.TestRunner" name="runScenario" time="4.336"/>
  <system-out/>
  <testcase classname="runner.TestRunner" name="runScenario" time="5.960"/>
  <system-out/>
  <testcase classname="runner.TestRunner" name="runScenario" time="4.337"/>
  <system-out/>
  <testcase classname="runner.TestRunner" name="runScenario" time="4.176"/>
  <system-out/>
  <testcase classname="runner.TestRunner" name="runScenario" time="3.956"/>
  <system-out/>
  <testcase classname="runner.TestRunner" name="runScenario" time="3.894"/>
  <system-out/>
  <testcase classname="runner.TestRunner" name="runScenario" time="4.613"/>
  <system-out/>
</testsuite> <!-- runner.TestRunner -->
